Determining if the pthread_create exist failed with the following output:
Change Dir: /home/durzo/programming/industrial_bin_sorting_robot/build/CMakeFiles/CMakeTmp

Run Build Command:"/usr/bin/make" "cmTC_75fed/fast"
/usr/bin/make -f CMakeFiles/cmTC_75fed.dir/build.make CMakeFiles/cmTC_75fed.dir/build
make[1]: Entering directory '/home/durzo/programming/industrial_bin_sorting_robot/build/CMakeFiles/CMakeTmp'
Building C object CMakeFiles/cmTC_75fed.dir/CheckSymbolExists.c.o
/usr/bin/cc    -o CMakeFiles/cmTC_75fed.dir/CheckSymbolExists.c.o   -c /home/durzo/programming/industrial_bin_sorting_robot/build/CMakeFiles/CMakeTmp/CheckSymbolExists.c
Linking C executable cmTC_75fed
/usr/bin/cmake -E cmake_link_script CMakeFiles/cmTC_75fed.dir/link.txt --verbose=1
/usr/bin/cc      -rdynamic CMakeFiles/cmTC_75fed.dir/CheckSymbolExists.c.o  -o cmTC_75fed 
CMakeFiles/cmTC_75fed.dir/CheckSymbolExists.c.o: In function `main':
CheckSymbolExists.c:(.text+0x1b): undefined reference to `pthread_create'
collect2: error: ld returned 1 exit status
CMakeFiles/cmTC_75fed.dir/build.make:97: recipe for target 'cmTC_75fed' failed
make[1]: *** [cmTC_75fed] Error 1
make[1]: Leaving directory '/home/durzo/programming/industrial_bin_sorting_robot/build/CMakeFiles/CMakeTmp'
Makefile:126: recipe for target 'cmTC_75fed/fast' failed
make: *** [cmTC_75fed/fast] Error 2

File /home/durzo/programming/industrial_bin_sorting_robot/build/CMakeFiles/CMakeTmp/CheckSymbolExists.c:
/* */
#include <pthread.h>

int main(int argc, char** argv)
{
  (void)argv;
#ifndef pthread_create
  return ((int*)(&pthread_create))[argc];
#else
  (void)argc;
  return 0;
#endif
}

Determining if the function pthread_create exists in the pthreads failed with the following output:
Change Dir: /home/durzo/programming/industrial_bin_sorting_robot/build/CMakeFiles/CMakeTmp

Run Build Command:"/usr/bin/make" "cmTC_54f84/fast"
/usr/bin/make -f CMakeFiles/cmTC_54f84.dir/build.make CMakeFiles/cmTC_54f84.dir/build
make[1]: Entering directory '/home/durzo/programming/industrial_bin_sorting_robot/build/CMakeFiles/CMakeTmp'
Building C object CMakeFiles/cmTC_54f84.dir/CheckFunctionExists.c.o
/usr/bin/cc   -DCHECK_FUNCTION_EXISTS=pthread_create   -o CMakeFiles/cmTC_54f84.dir/CheckFunctionExists.c.o   -c /usr/share/cmake-3.10/Modules/CheckFunctionExists.c
Linking C executable cmTC_54f84
/usr/bin/cmake -E cmake_link_script CMakeFiles/cmTC_54f84.dir/link.txt --verbose=1
/usr/bin/cc  -DCHECK_FUNCTION_EXISTS=pthread_create    -rdynamic CMakeFiles/cmTC_54f84.dir/CheckFunctionExists.c.o  -o cmTC_54f84 -lpthreads 
/usr/bin/ld: cannot find -lpthreads
collect2: error: ld returned 1 exit status
CMakeFiles/cmTC_54f84.dir/build.make:97: recipe for target 'cmTC_54f84' failed
make[1]: *** [cmTC_54f84] Error 1
make[1]: Leaving directory '/home/durzo/programming/industrial_bin_sorting_robot/build/CMakeFiles/CMakeTmp'
Makefile:126: recipe for target 'cmTC_54f84/fast' failed
make: *** [cmTC_54f84/fast] Error 2


